"C:/Users/User/Documents/Unreal Projects/LD49/Content/Materials/ColorMaterial.uasset" 0
"C:/Users/User/Documents/Unreal Projects/LD49/Content/Materials/ColorMaterial.uexp" 1
"C:/Users/User/Documents/Unreal Projects/LD49/Content/Materials/Red_MI.uasset" 2
"C:/Users/User/Documents/Unreal Projects/LD49/Content/Materials/Red_MI.uexp" 3
"C:/Users/User/Documents/Unreal Projects/LD49/Content/Bleuprints/RedPlatform.uasset" 4
"C:/Users/User/Documents/Unreal Projects/LD49/Content/Bleuprints/RedPlatform.uexp" 5
"C:/Users/User/Documents/Unreal Projects/LD49/Content/Chameleon/Chameleon2_Skeleton.uasset" 6
"C:/Users/User/Documents/Unreal Projects/LD49/Content/Chameleon/Chameleon2_Skeleton.uexp" 7
"../../../Engine/Content/Animation/DefaultAnimCurveCompressionSettings.uasset" 8
"../../../Engine/Content/Animation/DefaultAnimCurveCompressionSettings.uexp" 9
"../../../Engine/Content/Animation/DefaultAnimBoneCompressionSettings.uasset" 10
"../../../Engine/Content/Animation/DefaultAnimBoneCompressionSettings.uexp" 11
"C:/Users/User/Documents/Unreal Projects/LD49/Content/Chameleon/CHANIM_Anim_Idle.uasset" 12
"C:/Users/User/Documents/Unreal Projects/LD49/Content/Chameleon/CHANIM_Anim_Idle.uexp" 13
"C:/Users/User/Documents/Unreal Projects/LD49/Content/Chameleon/CHANIM_fast_Anim_Run_fast.uasset" 14
"C:/Users/User/Documents/Unreal Projects/LD49/Content/Chameleon/CHANIM_fast_Anim_Run_fast.uexp" 15
"C:/Users/User/Documents/Unreal Projects/LD49/Content/Chameleon/Cham_BPS.uasset" 16
"C:/Users/User/Documents/Unreal Projects/LD49/Content/Chameleon/Cham_BPS.uexp" 17
"C:/Users/User/Documents/Unreal Projects/LD49/Content/Chameleon/CHANIM_fast_Anim_Fall2.uasset" 18
"C:/Users/User/Documents/Unreal Projects/LD49/Content/Chameleon/CHANIM_fast_Anim_Fall2.uexp" 19
"C:/Users/User/Documents/Unreal Projects/LD49/Content/Chameleon/CHANIM_fast_Anim_Jump_start2.uasset" 20
"C:/Users/User/Documents/Unreal Projects/LD49/Content/Chameleon/CHANIM_fast_Anim_Jump_start2.uexp" 21
"../../../Engine/Content/EditorBlueprintResources/StandardMacros.uasset" 22
"../../../Engine/Content/EditorBlueprintResources/StandardMacros.uexp" 23
"C:/Users/User/Documents/Unreal Projects/LD49/Content/Chameleon/CHANIM_fast2_Anim_Jump_long2_001.uasset" 24
"C:/Users/User/Documents/Unreal Projects/LD49/Content/Chameleon/CHANIM_fast2_Anim_Jump_long2_001.uexp" 25
"C:/Users/User/Documents/Unreal Projects/LD49/Content/Chameleon/Cham_BP.uasset" 26
"C:/Users/User/Documents/Unreal Projects/LD49/Content/Chameleon/Cham_BP.uexp" 27
"C:/Users/User/Documents/Unreal Projects/LD49/Content/Materials/Green_MI.uasset" 28
"C:/Users/User/Documents/Unreal Projects/LD49/Content/Materials/Green_MI.uexp" 29
"C:/Users/User/Documents/Unreal Projects/LD49/Content/Bleuprints/GreenPlatform.uasset" 30
"C:/Users/User/Documents/Unreal Projects/LD49/Content/Bleuprints/GreenPlatform.uexp" 31
"C:/Users/User/Documents/Unreal Projects/LD49/Content/Bleuprints/HUD/HP_WBP.uasset" 32
"C:/Users/User/Documents/Unreal Projects/LD49/Content/Bleuprints/HUD/HP_WBP.uexp" 33
"C:/Users/User/Documents/Unreal Projects/LD49/Content/Chameleon/Chameleon.uasset" 34
"C:/Users/User/Documents/Unreal Projects/LD49/Content/Chameleon/Chameleon.uexp" 35
"C:/Users/User/Documents/Unreal Projects/LD49/Content/Chameleon/Chameleon.ubulk" 36
"C:/Users/User/Documents/Unreal Projects/LD49/Content/Chameleon/body.uasset" 37
"C:/Users/User/Documents/Unreal Projects/LD49/Content/Chameleon/body.uexp" 38
"C:/Users/User/Documents/Unreal Projects/LD49/Content/Chameleon/Chameleon2_PhysicsAsset.uasset" 39
"C:/Users/User/Documents/Unreal Projects/LD49/Content/Chameleon/Chameleon2_PhysicsAsset.uexp" 40
"C:/Users/User/Documents/Unreal Projects/LD49/Content/Chameleon/Chameleon2.uasset" 41
"C:/Users/User/Documents/Unreal Projects/LD49/Content/Chameleon/Chameleon2.uexp" 42
"C:/Users/User/Documents/Unreal Projects/LD49/Content/Bleuprints/ChameleonCharacter.uasset" 43
"C:/Users/User/Documents/Unreal Projects/LD49/Content/Bleuprints/ChameleonCharacter.uexp" 44
"C:/Users/User/Documents/Unreal Projects/LD49/Content/Bleuprints/HUD/LD49_HUD_BP.uasset" 45
"C:/Users/User/Documents/Unreal Projects/LD49/Content/Bleuprints/HUD/LD49_HUD_BP.uexp" 46
"C:/Users/User/Documents/Unreal Projects/LD49/Content/Bleuprints/GameModes/LD49_GameMode_BP.uasset" 47
"C:/Users/User/Documents/Unreal Projects/LD49/Content/Bleuprints/GameModes/LD49_GameMode_BP.uexp" 48
"C:/Users/User/Documents/Unreal Projects/LD49/Content/Bleuprints/HUD/HealthBar_Widget.uasset" 49
"C:/Users/User/Documents/Unreal Projects/LD49/Content/Bleuprints/HUD/HealthBar_Widget.uexp" 50
"C:/Users/User/Documents/Unreal Projects/LD49/Content/Bleuprints/HUD/HP_Widge.uasset" 51
"C:/Users/User/Documents/Unreal Projects/LD49/Content/Bleuprints/HUD/HP_Widge.uexp" 52
"C:/Users/User/Documents/Unreal Projects/LD49/Content/Chameleon/CHANIM_Anim_Breathe.uasset" 53
"C:/Users/User/Documents/Unreal Projects/LD49/Content/Chameleon/CHANIM_Anim_Breathe.uexp" 54
"C:/Users/User/Documents/Unreal Projects/LD49/Content/Chameleon/CHANIM_fast_Anim_JumpEnd.uasset" 55
"C:/Users/User/Documents/Unreal Projects/LD49/Content/Chameleon/CHANIM_fast_Anim_JumpEnd.uexp" 56
"C:/Users/User/Documents/Unreal Projects/LD49/Content/Chameleon/CHANIM_fast_Anim_Jump_long2.uasset" 57
"C:/Users/User/Documents/Unreal Projects/LD49/Content/Chameleon/CHANIM_fast_Anim_Jump_long2.uexp" 58
"C:/Users/User/Documents/Unreal Projects/LD49/Content/FirstPerson/Meshes/BaseMaterial.uasset" 59
"C:/Users/User/Documents/Unreal Projects/LD49/Content/FirstPerson/Meshes/BaseMaterial.uexp" 60
"C:/Users/User/Documents/Unreal Projects/LD49/Content/FirstPerson/Meshes/FirstPersonProjectileMaterial.uasset" 61
"C:/Users/User/Documents/Unreal Projects/LD49/Content/FirstPerson/Meshes/FirstPersonProjectileMaterial.uexp" 62
"C:/Users/User/Documents/Unreal Projects/LD49/Content/FirstPerson/Meshes/FirstPersonProjectileMesh.uasset" 63
"C:/Users/User/Documents/Unreal Projects/LD49/Content/FirstPerson/Meshes/FirstPersonProjectileMesh.uexp" 64
"C:/Users/User/Documents/Unreal Projects/LD49/Content/FirstPerson/Meshes/FirstPersonProjectileMesh.ubulk" 65
"C:/Users/User/Documents/Unreal Projects/LD49/Content/FirstPerson/Textures/FirstPersonCrosshair.uasset" 66
"C:/Users/User/Documents/Unreal Projects/LD49/Content/FirstPerson/Textures/FirstPersonCrosshair.uexp" 67
"C:/Users/User/Documents/Unreal Projects/LD49/Content/Geometry/Meshes/CubeMaterial.uasset" 68
"C:/Users/User/Documents/Unreal Projects/LD49/Content/Geometry/Meshes/CubeMaterial.uexp" 69
"C:/Users/User/Documents/Unreal Projects/LD49/Content/Geometry/Meshes/1M_Cube_Chamfer.uasset" 70
"C:/Users/User/Documents/Unreal Projects/LD49/Content/Geometry/Meshes/1M_Cube_Chamfer.uexp" 71
"C:/Users/User/Documents/Unreal Projects/LD49/Content/Geometry/Meshes/1M_Cube_Chamfer.ubulk" 72
"../../../Engine/Content/EngineMaterials/T_Default_Material_Grid_M.uasset" 73
"../../../Engine/Content/EngineMaterials/T_Default_Material_Grid_M.uexp" 74
"../../../Engine/Content/EngineMaterials/T_Default_Material_Grid_M.ubulk" 75
"../../../Engine/Content/EngineMaterials/T_Default_Material_Grid_N.uasset" 76
"../../../Engine/Content/EngineMaterials/T_Default_Material_Grid_N.uexp" 77
"../../../Engine/Content/EngineMaterials/T_Default_Material_Grid_N.ubulk" 78
"../../../Engine/Content/Functions/Engine_MaterialFunctions01/Opacity/CameraDepthFade.uasset" 79
"../../../Engine/Content/Functions/Engine_MaterialFunctions01/Opacity/CameraDepthFade.uexp" 80
"../../../Engine/Content/EngineMaterials/WorldGridMaterial.uasset" 81
"../../../Engine/Content/EngineMaterials/WorldGridMaterial.uexp" 82
"../../../Engine/Content/ArtTools/RenderToTexture/Meshes/S_1_Unit_Plane.uasset" 83
"../../../Engine/Content/ArtTools/RenderToTexture/Meshes/S_1_Unit_Plane.uexp" 84
"../../../Engine/Content/ArtTools/RenderToTexture/Meshes/S_1_Unit_Plane.ubulk" 85
"../../../Engine/Content/EngineMaterials/DefaultMaterial.uasset" 86
"../../../Engine/Content/EngineMaterials/DefaultMaterial.uexp" 87
"../../../Engine/Content/BasicShapes/Cone.uasset" 88
"../../../Engine/Content/BasicShapes/Cone.uexp" 89
"../../../Engine/Content/BasicShapes/Cone.ubulk" 90
"../../../Engine/Content/BasicShapes/Cube.uasset" 91
"../../../Engine/Content/BasicShapes/Cube.uexp" 92
"../../../Engine/Content/BasicShapes/Cube.ubulk" 93
"../../../Engine/Content/BasicShapes/Plane.uasset" 94
"../../../Engine/Content/BasicShapes/Plane.uexp" 95
"../../../Engine/Content/BasicShapes/Plane.ubulk" 96
"../../../Engine/Content/BasicShapes/Sphere.uasset" 97
"../../../Engine/Content/BasicShapes/Sphere.uexp" 98
"../../../Engine/Content/BasicShapes/Sphere.ubulk" 99
"../../../Engine/Content/EditorLandscapeResources/DataLayer.uasset" 100
"../../../Engine/Content/EditorLandscapeResources/DataLayer.uexp" 101
"../../../Engine/Content/EditorLandscapeResources/DefaultAlphaTexture.uasset" 102
"../../../Engine/Content/EditorLandscapeResources/DefaultAlphaTexture.uexp" 103
"../../../Engine/Content/EditorMaterials/MAT_Groups_Toggle.uasset" 104
"../../../Engine/Content/EditorMaterials/MAT_Groups_Toggle.uexp" 105
"../../../Engine/Content/EditorMaterials/MAT_Groups_Visibility.uasset" 106
"../../../Engine/Content/EditorMaterials/MAT_Groups_Visibility.uexp" 107
"../../../Engine/Content/EditorMaterials/PreviewShadowIndicator.uasset" 108
"../../../Engine/Content/EditorMaterials/PreviewShadowIndicator.uexp" 109
"../../../Engine/Content/EditorMaterials/PreviewShadowIndicator.ubulk" 110
"../../../Engine/Content/EditorMaterials/PreviewShadowIndicatorMaterial.uasset" 111
"../../../Engine/Content/EditorMaterials/PreviewShadowIndicatorMaterial.uexp" 112
"../../../Engine/Content/EditorMaterials/MatineeGroups/MAT_ColorTrack.uasset" 113
"../../../Engine/Content/EditorMaterials/MatineeGroups/MAT_ColorTrack.uexp" 114
"../../../Engine/Content/EditorMaterials/MatineeGroups/MAT_Groups_Anim.uasset" 115
"../../../Engine/Content/EditorMaterials/MatineeGroups/MAT_Groups_Anim.uexp" 116
"../../../Engine/Content/EditorMaterials/MatineeGroups/MAT_Groups_AudioMaster.uasset" 117
"../../../Engine/Content/EditorMaterials/MatineeGroups/MAT_Groups_AudioMaster.uexp" 118
"../../../Engine/Content/EditorMaterials/MatineeGroups/MAT_Groups_Director.uasset" 119
"../../../Engine/Content/EditorMaterials/MatineeGroups/MAT_Groups_Director.uexp" 120
"../../../Engine/Content/EditorMaterials/MatineeGroups/MAT_Groups_Event.uasset" 121
"../../../Engine/Content/EditorMaterials/MatineeGroups/MAT_Groups_Event.uexp" 122
"../../../Engine/Content/EditorMaterials/MatineeGroups/MAT_Groups_Fade.uasset" 123
"../../../Engine/Content/EditorMaterials/MatineeGroups/MAT_Groups_Fade.uexp" 124
"../../../Engine/Content/EditorMaterials/MatineeGroups/MAT_Groups_Float.uasset" 125
"../../../Engine/Content/EditorMaterials/MatineeGroups/MAT_Groups_Float.uexp" 126
"../../../Engine/Content/EditorMaterials/MatineeGroups/MAT_Groups_Move.uasset" 127
"../../../Engine/Content/EditorMaterials/MatineeGroups/MAT_Groups_Move.uexp" 128
"../../../Engine/Content/EditorMaterials/MatineeGroups/MAT_Groups_Slomo.uasset" 129
"../../../Engine/Content/EditorMaterials/MatineeGroups/MAT_Groups_Slomo.uexp" 130
"../../../Engine/Content/EditorMaterials/MatineeGroups/MAT_Groups_Sound.uasset" 131
"../../../Engine/Content/EditorMaterials/MatineeGroups/MAT_Groups_Sound.uexp" 132
"../../../Engine/Content/EditorMaterials/MatineeGroups/MAT_Groups_Vector.uasset" 133
"../../../Engine/Content/EditorMaterials/MatineeGroups/MAT_Groups_Vector.uexp" 134
"../../../Engine/Content/EditorMaterials/ParticleSystems/PSysThumbnail_NoImage.uasset" 135
"../../../Engine/Content/EditorMaterials/ParticleSystems/PSysThumbnail_NoImage.uexp" 136
"../../../Engine/Content/EditorMaterials/ParticleSystems/PSysThumbnail_NoImage.ubulk" 137
"../../../Engine/Content/EditorMaterials/ParticleSystems/PSysThumbnail_OOD.uasset" 138
"../../../Engine/Content/EditorMaterials/ParticleSystems/PSysThumbnail_OOD.uexp" 139
"../../../Engine/Content/EditorMaterials/ParticleSystems/PSysThumbnail_OOD.ubulk" 140
"../../../Engine/Content/Functions/Engine_MaterialFunctions02/Utility/MakeFloat4.uasset" 141
"../../../Engine/Content/Functions/Engine_MaterialFunctions02/Utility/MakeFloat4.uexp" 142
"../../../Engine/Content/Functions/Engine_MaterialFunctions02/Utility/BreakOutFloat3Components.uasset" 143
"../../../Engine/Content/Functions/Engine_MaterialFunctions02/Utility/BreakOutFloat3Components.uexp" 144
"../../../Engine/Content/Functions/Engine_MaterialFunctions02/Utility/MakeFloat3.uasset" 145
"../../../Engine/Content/Functions/Engine_MaterialFunctions02/Utility/MakeFloat3.uexp" 146
"../../../Engine/Content/EditorMaterials/WorldPartition/WorldPartitionSpatialHashGridPreviewMaterial.uasset" 147
"../../../Engine/Content/EditorMaterials/WorldPartition/WorldPartitionSpatialHashGridPreviewMaterial.uexp" 148
"../../../Engine/Content/EditorMaterials/Camera/CineMat.uasset" 149
"../../../Engine/Content/EditorMaterials/Camera/CineMat.uexp" 150
"../../../Engine/Content/EditorMaterials/Camera/MI_CineMat_Rig.uasset" 151
"../../../Engine/Content/EditorMaterials/Camera/MI_CineMat_Rig.uexp" 152
"../../../Engine/Content/EditorMeshes/Camera/SM_CraneRig_Arm.uasset" 153
"../../../Engine/Content/EditorMeshes/Camera/SM_CraneRig_Arm.uexp" 154
"../../../Engine/Content/EditorMeshes/Camera/SM_CraneRig_Arm.ubulk" 155
"../../../Engine/Content/EditorMeshes/Camera/SM_CraneRig_Base.uasset" 156
"../../../Engine/Content/EditorMeshes/Camera/SM_CraneRig_Base.uexp" 157
"../../../Engine/Content/EditorMeshes/Camera/SM_CraneRig_Base.ubulk" 158
"../../../Engine/Content/EditorMeshes/Camera/SM_CraneRig_Body.uasset" 159
"../../../Engine/Content/EditorMeshes/Camera/SM_CraneRig_Body.uexp" 160
"../../../Engine/Content/EditorMeshes/Camera/SM_CraneRig_Body.ubulk" 161
"../../../Engine/Content/EditorMeshes/Camera/SM_CraneRig_Mount.uasset" 162
"../../../Engine/Content/EditorMeshes/Camera/SM_CraneRig_Mount.uexp" 163
"../../../Engine/Content/EditorMeshes/Camera/SM_CraneRig_Mount.ubulk" 164
"../../../Engine/Content/EditorMeshes/Camera/SM_RailRig_Mount.uasset" 165
"../../../Engine/Content/EditorMeshes/Camera/SM_RailRig_Mount.uexp" 166
"../../../Engine/Content/EditorMeshes/Camera/SM_RailRig_Mount.ubulk" 167
"../../../Engine/Content/EditorMeshes/Camera/SM_RailRig_Track.uasset" 168
"../../../Engine/Content/EditorMeshes/Camera/SM_RailRig_Track.uexp" 169
"../../../Engine/Content/EditorMeshes/Camera/SM_RailRig_Track.ubulk" 170
"../../../Engine/Content/EditorResources/BSPVertex.uasset" 171
"../../../Engine/Content/EditorResources/BSPVertex.uexp" 172
"../../../Engine/Content/EditorResources/EmptyActor.uasset" 173
"../../../Engine/Content/EditorResources/EmptyActor.uexp" 174
"../../../Engine/Content/EditorResources/S_Actor.uasset" 175
"../../../Engine/Content/EditorResources/S_Actor.uexp" 176
"../../../Engine/Content/EditorResources/S_Actor.ubulk" 177
"../../../Engine/Content/EditorResources/S_BoxReflectionCapture.uasset" 178
"../../../Engine/Content/EditorResources/S_BoxReflectionCapture.uexp" 179
"../../../Engine/Content/EditorResources/S_Note.uasset" 180
"../../../Engine/Content/EditorResources/S_Note.uexp" 181
"../../../Engine/Content/EditorResources/S_Solver.uasset" 182
"../../../Engine/Content/EditorResources/S_Solver.uexp" 183
"../../../Engine/Content/EditorResources/S_Solver.ubulk" 184
"../../../Engine/Content/EditorResources/S_Terrain.uasset" 185
"../../../Engine/Content/EditorResources/S_Terrain.uexp" 186
"../../../Engine/Content/EditorResources/S_Terrain.ubulk" 187
"../../../Engine/Content/EditorResources/S_Trigger.uasset" 188
"../../../Engine/Content/EditorResources/S_Trigger.uexp" 189
"../../../Engine/Content/EditorResources/S_Trigger.ubulk" 190
"../../../Engine/Content/EditorResources/S_TriggerBox.uasset" 191
"../../../Engine/Content/EditorResources/S_TriggerBox.uexp" 192
"../../../Engine/Content/EditorResources/S_TriggerCapsule.uasset" 193
"../../../Engine/Content/EditorResources/S_TriggerCapsule.uexp" 194
"../../../Engine/Content/EditorResources/S_TriggerSphere.uasset" 195
"../../../Engine/Content/EditorResources/S_TriggerSphere.uexp" 196
"../../../Engine/Content/EditorResources/LightIcons/S_LightError.uasset" 197
"../../../Engine/Content/EditorResources/LightIcons/S_LightError.uexp" 198
"../../../Engine/Content/EditorResources/SequenceRecorder/Countdown.uasset" 199
"../../../Engine/Content/EditorResources/SequenceRecorder/Countdown.uexp" 200
"../../../Engine/Content/EditorResources/SequenceRecorder/RecordingIndicator.uasset" 201
"../../../Engine/Content/EditorResources/SequenceRecorder/RecordingIndicator.uexp" 202
"../../../Engine/Content/EngineDamageTypes/DmgTypeBP_Environmental.uasset" 203
"../../../Engine/Content/EngineDamageTypes/DmgTypeBP_Environmental.uexp" 204
"../../../Engine/Content/EngineDebugMaterials/DebugEditorMaterial.uasset" 205
"../../../Engine/Content/EngineDebugMaterials/DebugEditorMaterial.uexp" 206
"../../../Engine/Content/EngineDebugMaterials/DebugMeshMaterial.uasset" 207
"../../../Engine/Content/EngineDebugMaterials/DebugMeshMaterial.uexp" 208
"../../../Engine/Content/EngineDebugMaterials/M_SimpleUnlitTranslucent.uasset" 209
"../../../Engine/Content/EngineDebugMaterials/M_SimpleUnlitTranslucent.uexp" 210
"../../../Engine/Content/Functions/Engine_MaterialFunctions02/Utility/CameraDirectionVector.uasset" 211
"../../../Engine/Content/Functions/Engine_MaterialFunctions02/Utility/CameraDirectionVector.uexp" 212
"../../../Engine/Content/EngineDebugMaterials/VolumeToRender.uasset" 213
"../../../Engine/Content/EngineDebugMaterials/VolumeToRender.uexp" 214
"../../../Engine/Content/EngineDebugMaterials/M_VolumeRenderSphereTracePP.uasset" 215
"../../../Engine/Content/EngineDebugMaterials/M_VolumeRenderSphereTracePP.uexp" 216
"../../../Engine/Content/Functions/Engine_MaterialFunctions01/Shading/ConvertFromDiffSpec.uasset" 217
"../../../Engine/Content/Functions/Engine_MaterialFunctions01/Shading/ConvertFromDiffSpec.uexp" 218
"../../../Engine/Content/EngineDebugMaterials/VertexColorMaterial.uasset" 219
"../../../Engine/Content/EngineDebugMaterials/VertexColorMaterial.uexp" 220
"../../../Engine/Content/EngineDebugMaterials/WireframeMaterial.uasset" 221
"../../../Engine/Content/EngineDebugMaterials/WireframeMaterial.uexp" 222
"../../../Engine/Content/EngineFonts/Faces/DroidSansFallback.uasset" 223
"../../../Engine/Content/EngineFonts/Faces/DroidSansFallback.uexp" 224
"../../../Engine/Content/EngineFonts/Faces/DroidSansFallback.ufont" 225
"../../../Engine/Content/EngineFonts/Faces/RobotoBold.uasset" 226
"../../../Engine/Content/EngineFonts/Faces/RobotoBold.uexp" 227
"../../../Engine/Content/EngineFonts/Faces/RobotoBold.ufont" 228
"../../../Engine/Content/EngineFonts/Faces/RobotoBoldItalic.uasset" 229
"../../../Engine/Content/EngineFonts/Faces/RobotoBoldItalic.uexp" 230
"../../../Engine/Content/EngineFonts/Faces/RobotoBoldItalic.ufont" 231
"../../../Engine/Content/EngineFonts/Faces/RobotoItalic.uasset" 232
"../../../Engine/Content/EngineFonts/Faces/RobotoItalic.uexp" 233
"../../../Engine/Content/EngineFonts/Faces/RobotoItalic.ufont" 234
"../../../Engine/Content/EngineFonts/Faces/RobotoLight.uasset" 235
"../../../Engine/Content/EngineFonts/Faces/RobotoLight.uexp" 236
"../../../Engine/Content/EngineFonts/Faces/RobotoLight.ufont" 237
"../../../Engine/Content/EngineFonts/Faces/RobotoRegular.uasset" 238
"../../../Engine/Content/EngineFonts/Faces/RobotoRegular.uexp" 239
"../../../Engine/Content/EngineFonts/Faces/RobotoRegular.ufont" 240
"../../../Engine/Content/EngineFonts/Roboto.uasset" 241
"../../../Engine/Content/EngineFonts/Roboto.uexp" 242
"../../../Engine/Content/EngineMaterials/BaseFlattenDiffuseMap.uasset" 243
"../../../Engine/Content/EngineMaterials/BaseFlattenDiffuseMap.uexp" 244
"../../../Engine/Content/EngineMaterials/BaseFlattenEmissiveMap.uasset" 245
"../../../Engine/Content/EngineMaterials/BaseFlattenEmissiveMap.uexp" 246
"../../../Engine/Content/EngineMaterials/BaseFlattenGrayscaleMap.uasset" 247
"../../../Engine/Content/EngineMaterials/BaseFlattenGrayscaleMap.uexp" 248
"../../../Engine/Content/EngineMaterials/BaseFlattenNormalMap.uasset" 249
"../../../Engine/Content/EngineMaterials/BaseFlattenNormalMap.uexp" 250
"../../../Engine/Content/EngineMaterials/BaseFlattenMaterial.uasset" 251
"../../../Engine/Content/EngineMaterials/BaseFlattenMaterial.uexp" 252
"../../../Engine/Content/EngineMaterials/BaseFlattenDiffuseMap_VT.uasset" 253
"../../../Engine/Content/EngineMaterials/BaseFlattenDiffuseMap_VT.uexp" 254
"../../../Engine/Content/EngineMaterials/BaseFlattenEmissiveMap_VT.uasset" 255
"../../../Engine/Content/EngineMaterials/BaseFlattenEmissiveMap_VT.uexp" 256
"../../../Engine/Content/EngineMaterials/BaseFlattenGrayscaleMap_VT.uasset" 257
"../../../Engine/Content/EngineMaterials/BaseFlattenGrayscaleMap_VT.uexp" 258
"../../../Engine/Content/EngineMaterials/BaseFlattenNormalMap_VT.uasset" 259
"../../../Engine/Content/EngineMaterials/BaseFlattenNormalMap_VT.uexp" 260
"../../../Engine/Content/EngineMaterials/BaseFlattenMaterial_VT.uasset" 261
"../../../Engine/Content/EngineMaterials/BaseFlattenMaterial_VT.uexp" 262
"../../../Engine/Content/EngineMaterials/BlueNoise.uasset" 263
"../../../Engine/Content/EngineMaterials/BlueNoise.uexp" 264
"../../../Engine/Content/EngineMaterials/DefaultBloomKernel.uasset" 265
"../../../Engine/Content/EngineMaterials/DefaultBloomKernel.uexp" 266
"../../../Engine/Content/EngineMaterials/DefaultBokeh.uasset" 267
"../../../Engine/Content/EngineMaterials/DefaultBokeh.uexp" 268
"../../../Engine/Content/EngineMaterials/DefaultDiffuse.uasset" 269
"../../../Engine/Content/EngineMaterials/DefaultDiffuse.uexp" 270
"../../../Engine/Content/EngineMaterials/DefaultDiffuse.ubulk" 271
"../../../Engine/Content/EngineMaterials/DefaultDeferredDecalMaterial.uasset" 272
"../../../Engine/Content/EngineMaterials/DefaultDeferredDecalMaterial.uexp" 273
"../../../Engine/Content/EngineMaterials/DefaultLightFunctionMaterial.uasset" 274
"../../../Engine/Content/EngineMaterials/DefaultLightFunctionMaterial.uexp" 275
"../../../Engine/Content/EngineMaterials/DefaultPhysicalMaterial.uasset" 276
"../../../Engine/Content/EngineMaterials/DefaultPhysicalMaterial.uexp" 277
"../../../Engine/Content/Functions/Engine_MaterialFunctions02/Utility/BreakOutFloat2Components.uasset" 278
"../../../Engine/Content/Functions/Engine_MaterialFunctions02/Utility/BreakOutFloat2Components.uexp" 279
"../../../Engine/Content/EngineMaterials/DefaultPostProcessMaterial.uasset" 280
"../../../Engine/Content/EngineMaterials/DefaultPostProcessMaterial.uexp" 281
"../../../Engine/Content/EngineFonts/RobotoDistanceField.uasset" 282
"../../../Engine/Content/EngineFonts/RobotoDistanceField.uexp" 283
"../../../Engine/Content/EngineMaterials/DefaultTextMaterialOpaque.uasset" 284
"../../../Engine/Content/EngineMaterials/DefaultTextMaterialOpaque.uexp" 285
"../../../Engine/Content/EngineMaterials/DefaultWhiteGrid.uasset" 286
"../../../Engine/Content/EngineMaterials/DefaultWhiteGrid.uexp" 287
"../../../Engine/Content/EngineMaterials/DefaultWhiteGrid.ubulk" 288
"../../../Engine/Content/EngineMaterials/DefaultWhiteGrid_Low.uasset" 289
"../../../Engine/Content/EngineMaterials/DefaultWhiteGrid_Low.uexp" 290
"../../../Engine/Content/EngineMaterials/EmissiveMeshMaterial.uasset" 291
"../../../Engine/Content/EngineMaterials/EmissiveMeshMaterial.uexp" 292
"../../../Engine/Content/EngineMaterials/GizmoMaterial.uasset" 293
"../../../Engine/Content/EngineMaterials/GizmoMaterial.uexp" 294
"../../../Engine/Content/EngineMaterials/Good64x64TilingNoiseHighFreq.uasset" 295
"../../../Engine/Content/EngineMaterials/Good64x64TilingNoiseHighFreq.uexp" 296
"../../../Engine/Content/EngineMaterials/MiniFont.uasset" 297
"../../../Engine/Content/EngineMaterials/MiniFont.uexp" 298
"../../../Engine/Content/EngineMaterials/InvalidLightmapSettings.uasset" 299
"../../../Engine/Content/EngineMaterials/InvalidLightmapSettings.uexp" 300
"../../../Engine/Content/EngineMaterials/InvalidLightmapSettings.ubulk" 301
"../../../Engine/Content/EngineMaterials/M_InvalidLightmapSettings.uasset" 302
"../../../Engine/Content/EngineMaterials/M_InvalidLightmapSettings.uexp" 303
"../../../Engine/Content/Functions/Engine_MaterialFunctions02/WorldPositionOffset/CameraOffset.uasset" 304
"../../../Engine/Content/Functions/Engine_MaterialFunctions02/WorldPositionOffset/CameraOffset.uexp" 305
"../../../Engine/Content/EngineMaterials/PhAT_JointLimitMaterial.uasset" 306
"../../../Engine/Content/EngineMaterials/PhAT_JointLimitMaterial.uexp" 307
"../../../Engine/Content/EngineMaterials/PreintegratedSkinBRDF.uasset" 308
"../../../Engine/Content/EngineMaterials/PreintegratedSkinBRDF.uexp" 309
"../../../Engine/Content/EngineMaterials/RemoveSurfaceMaterial.uasset" 310
"../../../Engine/Content/EngineMaterials/RemoveSurfaceMaterial.uexp" 311
"../../../Engine/Content/EngineMaterials/WeightMapPlaceholderTexture.uasset" 312
"../../../Engine/Content/EngineMaterials/WeightMapPlaceholderTexture.uexp" 313
"../../../Engine/Content/EngineResources/WhiteSquareTexture.uasset" 314
"../../../Engine/Content/EngineResources/WhiteSquareTexture.uexp" 315
"../../../Engine/Content/EngineMaterials/Widget3DPassThrough.uasset" 316
"../../../Engine/Content/EngineMaterials/Widget3DPassThrough.uexp" 317
"../../../Engine/Content/EngineMaterials/Widget3DPassThrough_Masked.uasset" 318
"../../../Engine/Content/EngineMaterials/Widget3DPassThrough_Masked.uexp" 319
"../../../Engine/Content/EngineMaterials/Widget3DPassThrough_Opaque.uasset" 320
"../../../Engine/Content/EngineMaterials/Widget3DPassThrough_Opaque.uexp" 321
"../../../Engine/Content/EngineMaterials/Widget3DPassThrough_Masked_OneSided.uasset" 322
"../../../Engine/Content/EngineMaterials/Widget3DPassThrough_Masked_OneSided.uexp" 323
"../../../Engine/Content/EngineMaterials/Widget3DPassThrough_Opaque_OneSided.uasset" 324
"../../../Engine/Content/EngineMaterials/Widget3DPassThrough_Opaque_OneSided.uexp" 325
"../../../Engine/Content/EngineMaterials/Widget3DPassThrough_Translucent.uasset" 326
"../../../Engine/Content/EngineMaterials/Widget3DPassThrough_Translucent.uexp" 327
"../../../Engine/Content/EngineMaterials/Widget3DPassThrough_Translucent_OneSided.uasset" 328
"../../../Engine/Content/EngineMaterials/Widget3DPassThrough_Translucent_OneSided.uexp" 329
"../../../Engine/Content/EngineMeshes/Sphere.uasset" 330
"../../../Engine/Content/EngineMeshes/Sphere.uexp" 331
"../../../Engine/Content/EngineMeshes/Sphere.ubulk" 332
"../../../Engine/Content/EngineResources/Black.uasset" 333
"../../../Engine/Content/EngineResources/Black.uexp" 334
"../../../Engine/Content/EngineResources/DefaultTextureCube.uasset" 335
"../../../Engine/Content/EngineResources/DefaultTextureCube.uexp" 336
"../../../Engine/Content/EngineResources/DefaultVolumeTexture2D.uasset" 337
"../../../Engine/Content/EngineResources/DefaultVolumeTexture2D.uexp" 338
"../../../Engine/Content/EngineResources/DefaultVolumeTexture.uasset" 339
"../../../Engine/Content/EngineResources/DefaultVolumeTexture.uexp" 340
"../../../Engine/Content/EngineResources/GradientTexture0.uasset" 341
"../../../Engine/Content/EngineResources/GradientTexture0.uexp" 342
"../../../Engine/Content/EngineSky/VolumetricClouds/CloudGradientTexture.uasset" 343
"../../../Engine/Content/EngineSky/VolumetricClouds/CloudGradientTexture.uexp" 344
"../../../Engine/Content/EngineSky/VolumetricClouds/CloudWeatherTexture.uasset" 345
"../../../Engine/Content/EngineSky/VolumetricClouds/CloudWeatherTexture.uexp" 346
"../../../Engine/Content/EngineSky/VolumetricClouds/T_NoiseErosion.uasset" 347
"../../../Engine/Content/EngineSky/VolumetricClouds/T_NoiseErosion.uexp" 348
"../../../Engine/Content/EngineSky/VolumetricClouds/T_NoiseErosion.ubulk" 349
"../../../Engine/Content/EngineSky/VolumetricClouds/T_VolumeNoiseErosion32.uasset" 350
"../../../Engine/Content/EngineSky/VolumetricClouds/T_VolumeNoiseErosion32.uexp" 351
"../../../Engine/Content/EngineSky/VolumetricClouds/T_NoiseShape64.uasset" 352
"../../../Engine/Content/EngineSky/VolumetricClouds/T_NoiseShape64.uexp" 353
"../../../Engine/Content/EngineSky/VolumetricClouds/T_NoiseShape64.ubulk" 354
"../../../Engine/Content/EngineSky/VolumetricClouds/T_VolumeNoiseShape64.uasset" 355
"../../../Engine/Content/EngineSky/VolumetricClouds/T_VolumeNoiseShape64.uexp" 356
"../../../Engine/Content/Functions/Engine_MaterialFunctions02/Utility/MakeFloat2.uasset" 357
"../../../Engine/Content/Functions/Engine_MaterialFunctions02/Utility/MakeFloat2.uexp" 358
"../../../Engine/Content/EngineSky/VolumetricClouds/m_SimpleVolumetricCloud.uasset" 359
"../../../Engine/Content/EngineSky/VolumetricClouds/m_SimpleVolumetricCloud.uexp" 360
"../../../Engine/Content/EngineSky/VolumetricClouds/m_SimpleVolumetricCloud_Inst.uasset" 361
"../../../Engine/Content/EngineSky/VolumetricClouds/m_SimpleVolumetricCloud_Inst.uexp" 362
"../../../Engine/Content/EngineSounds/Master.uasset" 363
"../../../Engine/Content/EngineSounds/Master.uexp" 364
"../../../Engine/Content/Functions/Engine_MaterialFunctions01/Shading/PowerToRoughness.uasset" 365
"../../../Engine/Content/Functions/Engine_MaterialFunctions01/Shading/PowerToRoughness.uexp" 366
"../../../Engine/Content/Maps/Templates/Thumbnails/Default.uasset" 367
"../../../Engine/Content/Maps/Templates/Thumbnails/Default.uexp" 368
"../../../Engine/Content/Maps/Templates/Thumbnails/TimeOfDay.uasset" 369
"../../../Engine/Content/Maps/Templates/Thumbnails/TimeOfDay.uexp" 370
"../../../Engine/Content/Maps/Templates/Thumbnails/VR-Basic.uasset" 371
"../../../Engine/Content/Maps/Templates/Thumbnails/VR-Basic.uexp" 372
"../../../Engine/Content/MobileResources/T_MobileControls_texture.uasset" 373
"../../../Engine/Content/MobileResources/T_MobileControls_texture.uexp" 374
"../../../Engine/Content/MobileResources/T_MobileMenu2.uasset" 375
"../../../Engine/Content/MobileResources/T_MobileMenu2.uexp" 376
"../../../Engine/Content/MobileResources/HUD/AnalogHat.uasset" 377
"../../../Engine/Content/MobileResources/HUD/AnalogHat.uexp" 378
"../../../Engine/Content/MobileResources/HUD/VirtualJoystick_Background.uasset" 379
"../../../Engine/Content/MobileResources/HUD/VirtualJoystick_Background.uexp" 380
"../../../Engine/Content/MobileResources/HUD/VirtualJoystick_Thumb.uasset" 381
"../../../Engine/Content/MobileResources/HUD/VirtualJoystick_Thumb.uexp" 382
"../../../Engine/Content/MobileResources/HUD/DefaultVirtualJoysticks.uasset" 383
"../../../Engine/Content/MobileResources/HUD/DefaultVirtualJoysticks.uexp" 384
"../../../Engine/Content/MobileResources/HUD/LeftVirtualJoystickOnly.uasset" 385
"../../../Engine/Content/MobileResources/HUD/LeftVirtualJoystickOnly.uexp" 386
"../../../Engine/Content/MobileResources/HUD/MobileHUDButton1_off.uasset" 387
"../../../Engine/Content/MobileResources/HUD/MobileHUDButton1_off.uexp" 388
"../../../Engine/Content/MobileResources/HUD/MobileHUDButton1_on.uasset" 389
"../../../Engine/Content/MobileResources/HUD/MobileHUDButton1_on.uexp" 390
"../../../Engine/Content/MobileResources/HUD/MobileHUDButton2_off.uasset" 391
"../../../Engine/Content/MobileResources/HUD/MobileHUDButton2_off.uexp" 392
"../../../Engine/Content/MobileResources/HUD/MobileHUDButton2_on.uasset" 393
"../../../Engine/Content/MobileResources/HUD/MobileHUDButton2_on.uexp" 394
"../../../Engine/Content/MobileResources/HUD/MobileHUDButton3.uasset" 395
"../../../Engine/Content/MobileResources/HUD/MobileHUDButton3.uexp" 396
"../../../Engine/Content/MobileResources/HUD/MobileHUDButtonFire.uasset" 397
"../../../Engine/Content/MobileResources/HUD/MobileHUDButtonFire.uexp" 398
"../../../Engine/Content/MobileResources/HUD/MobileHUDDirectionPad.uasset" 399
"../../../Engine/Content/MobileResources/HUD/MobileHUDDirectionPad.uexp" 400
"../../../Engine/Content/MobileResources/HUD/MobileHUDDirectionPad2.uasset" 401
"../../../Engine/Content/MobileResources/HUD/MobileHUDDirectionPad2.uexp" 402
"../../../Engine/Content/MobileResources/HUD/MobileHUDDirectionPad3.uasset" 403
"../../../Engine/Content/MobileResources/HUD/MobileHUDDirectionPad3.uexp" 404
"../../../Engine/Content/MobileResources/HUD/MobileHUDDirectionStick.uasset" 405
"../../../Engine/Content/MobileResources/HUD/MobileHUDDirectionStick.uexp" 406
"../../../Engine/Content/MobileResources/HUD/T_Castle_ThumbstickInner.uasset" 407
"../../../Engine/Content/MobileResources/HUD/T_Castle_ThumbstickInner.uexp" 408
"../../../Engine/Content/MobileResources/HUD/T_Castle_ThumbstickOutter.uasset" 409
"../../../Engine/Content/MobileResources/HUD/T_Castle_ThumbstickOutter.uexp" 410
"../../../Engine/Content/Tutorial/ContentIntroCurve.uasset" 411
"../../../Engine/Content/Tutorial/ContentIntroCurve.uexp" 412
"../../../Engine/Content/VREditor/LaserPointer/VR_LaserPower_01.uasset" 413
"../../../Engine/Content/VREditor/LaserPointer/VR_LaserPower_01.uexp" 414
"../../../Engine/Content/VREditor/LaserPointer/VR_LaserPower_01.ubulk" 415
"../../../Engine/Content/VREditor/TransformGizmo/TransformGizmoMaterial.uasset" 416
"../../../Engine/Content/VREditor/TransformGizmo/TransformGizmoMaterial.uexp" 417
"../../../Engine/Content/VREditor/TransformGizmo/TranslucentTransformGizmoMaterial.uasset" 418
"../../../Engine/Content/VREditor/TransformGizmo/TranslucentTransformGizmoMaterial.uexp" 419
"../../../Engine/Content/VREditor/TransformGizmo/BoundingBoxCorner.uasset" 420
"../../../Engine/Content/VREditor/TransformGizmo/BoundingBoxCorner.uexp" 421
"../../../Engine/Content/VREditor/TransformGizmo/BoundingBoxCorner.ubulk" 422
"../../../Engine/Content/VREditor/TransformGizmo/BoundingBoxEdge.uasset" 423
"../../../Engine/Content/VREditor/TransformGizmo/BoundingBoxEdge.uexp" 424
"../../../Engine/Content/VREditor/TransformGizmo/BoundingBoxEdge.ubulk" 425
"../../../Engine/Content/VREditor/TransformGizmo/PlaneTranslationHandle.uasset" 426
"../../../Engine/Content/VREditor/TransformGizmo/PlaneTranslationHandle.uexp" 427
"../../../Engine/Content/VREditor/TransformGizmo/PlaneTranslationHandle.ubulk" 428
"../../../Engine/Content/VREditor/TransformGizmo/Xray.uasset" 429
"../../../Engine/Content/VREditor/TransformGizmo/Xray.uexp" 430
"../../../Engine/Content/VREditor/TransformGizmo/Main.uasset" 431
"../../../Engine/Content/VREditor/TransformGizmo/Main.uexp" 432
"../../../Engine/Content/VREditor/TransformGizmo/SM_Sequencer_Key.uasset" 433
"../../../Engine/Content/VREditor/TransformGizmo/SM_Sequencer_Key.uexp" 434
"../../../Engine/Content/VREditor/TransformGizmo/SM_Sequencer_Key.ubulk" 435
"../../../Engine/Content/VREditor/TransformGizmo/SM_Sequencer_Node.uasset" 436
"../../../Engine/Content/VREditor/TransformGizmo/SM_Sequencer_Node.uexp" 437
"../../../Engine/Content/VREditor/TransformGizmo/SM_Sequencer_Node.ubulk" 438
"../../../Engine/Plugins/2D/Paper2D/Content/PlaceholderTextures/DummySpriteTexture.uasset" 439
"../../../Engine/Plugins/2D/Paper2D/Content/PlaceholderTextures/DummySpriteTexture.uexp" 440
"../../../Engine/Plugins/2D/Paper2D/Content/PlaceholderTextures/DummySpriteTexture.ubulk" 441
"../../../Engine/Plugins/2D/Paper2D/Content/DummySprite.uasset" 442
"../../../Engine/Plugins/2D/Paper2D/Content/DummySprite.uexp" 443
"../../../Engine/Plugins/2D/Paper2D/Content/DefaultPaperTerrainMaterial.uasset" 444
"../../../Engine/Plugins/2D/Paper2D/Content/DefaultPaperTerrainMaterial.uexp" 445
"../../../Engine/Plugins/2D/Paper2D/Content/DefaultSpriteMaterial.uasset" 446
"../../../Engine/Plugins/2D/Paper2D/Content/DefaultSpriteMaterial.uexp" 447
"../../../Engine/Plugins/2D/Paper2D/Content/MaskedUnlitSpriteMaterial.uasset" 448
"../../../Engine/Plugins/2D/Paper2D/Content/MaskedUnlitSpriteMaterial.uexp" 449
"../../../Engine/Plugins/2D/Paper2D/Content/OpaqueUnlitSpriteMaterial.uasset" 450
"../../../Engine/Plugins/2D/Paper2D/Content/OpaqueUnlitSpriteMaterial.uexp" 451
"../../../Engine/Content/EngineResources/DefaultTexture.uasset" 452
"../../../Engine/Content/EngineResources/DefaultTexture.uexp" 453
"../../../Engine/Content/EngineResources/DefaultTexture.ubulk" 454
"../../../Engine/Plugins/Editor/SpeedTreeImporter/Content/SpeedTree9/game_wind_noise.uasset" 455
"../../../Engine/Plugins/Editor/SpeedTreeImporter/Content/SpeedTree9/game_wind_noise.uexp" 456
"../../../Engine/Plugins/Editor/SpeedTreeImporter/Content/SpeedTree9/game_wind_noise.ubulk" 457
"../../../Engine/Plugins/Editor/SpeedTreeImporter/Content/SpeedTree9/SpeedTreeBillboard.uasset" 458
"../../../Engine/Plugins/Editor/SpeedTreeImporter/Content/SpeedTree9/SpeedTreeBillboard.uexp" 459
"../../../Engine/Content/Functions/Engine_MaterialFunctions02/SafeNormalize.uasset" 460
"../../../Engine/Content/Functions/Engine_MaterialFunctions02/SafeNormalize.uexp" 461
"../../../Engine/Plugins/Editor/SpeedTreeImporter/Content/SpeedTree9/SpeedTreeWindMotion.uasset" 462
"../../../Engine/Plugins/Editor/SpeedTreeImporter/Content/SpeedTree9/SpeedTreeWindMotion.uexp" 463
"../../../Engine/Plugins/Editor/SpeedTreeImporter/Content/SpeedTree9/UnpackDirection.uasset" 464
"../../../Engine/Plugins/Editor/SpeedTreeImporter/Content/SpeedTree9/UnpackDirection.uexp" 465
"../../../Engine/Plugins/Editor/SpeedTreeImporter/Content/SpeedTree9/UnpackInteger3.uasset" 466
"../../../Engine/Plugins/Editor/SpeedTreeImporter/Content/SpeedTree9/UnpackInteger3.uexp" 467
"../../../Engine/Plugins/Editor/SpeedTreeImporter/Content/SpeedTree9/SpeedTreeBranchMotion.uasset" 468
"../../../Engine/Plugins/Editor/SpeedTreeImporter/Content/SpeedTree9/SpeedTreeBranchMotion.uexp" 469
"../../../Engine/Content/Functions/Engine_MaterialFunctions02/ObjectLocalBounds.uasset" 470
"../../../Engine/Content/Functions/Engine_MaterialFunctions02/ObjectLocalBounds.uexp" 471
"../../../Engine/Content/Functions/Engine_MaterialFunctions02/UVs/BoundingBoxBased_0-1_UVW.uasset" 472
"../../../Engine/Content/Functions/Engine_MaterialFunctions02/UVs/BoundingBoxBased_0-1_UVW.uexp" 473
"../../../Engine/Plugins/Editor/SpeedTreeImporter/Content/SpeedTree9/SpeedTreeWind.uasset" 474
"../../../Engine/Plugins/Editor/SpeedTreeImporter/Content/SpeedTree9/SpeedTreeWind.uexp" 475
"../../../Engine/Plugins/Editor/SpeedTreeImporter/Content/SpeedTree9/SpeedTreeBillboardMaster.uasset" 476
"../../../Engine/Plugins/Editor/SpeedTreeImporter/Content/SpeedTree9/SpeedTreeBillboardMaster.uexp" 477
"../../../Engine/Plugins/Editor/SpeedTreeImporter/Content/SpeedTree9/SpeedTreeCameraFacing.uasset" 478
"../../../Engine/Plugins/Editor/SpeedTreeImporter/Content/SpeedTree9/SpeedTreeCameraFacing.uexp" 479
"../../../Engine/Plugins/Editor/SpeedTreeImporter/Content/SpeedTree9/SpeedTreeMaster.uasset" 480
"../../../Engine/Plugins/Editor/SpeedTreeImporter/Content/SpeedTree9/SpeedTreeMaster.uexp" 481
"../../../Engine/Content/ArtTools/RenderToTexture/Materials/Debug/M_Emissive_Color.uasset" 482
"../../../Engine/Content/ArtTools/RenderToTexture/Materials/Debug/M_Emissive_Color.uexp" 483
"../../../Engine/Content/BasicShapes/Cylinder.uasset" 484
"../../../Engine/Content/BasicShapes/Cylinder.uexp" 485
"../../../Engine/Content/BasicShapes/Cylinder.ubulk" 486
"../../../Engine/Plugins/Lumin/MagicLeapPassableWorld/Content/MagicLeapARPinInfoActor.uasset" 487
"../../../Engine/Plugins/Lumin/MagicLeapPassableWorld/Content/MagicLeapARPinInfoActor.uexp" 488
"../../../Engine/Plugins/Runtime/HairStrands/Content/Materials/HairCardsDefaultMaterial.uasset" 489
"../../../Engine/Plugins/Runtime/HairStrands/Content/Materials/HairCardsDefaultMaterial.uexp" 490
"../../../Engine/Content/EngineMaterials/HairDebugColor.uasset" 491
"../../../Engine/Content/EngineMaterials/HairDebugColor.uexp" 492
"../../../Engine/Content/EngineMaterials/HairColorMap.uasset" 493
"../../../Engine/Content/EngineMaterials/HairColorMap.uexp" 494
"../../../Engine/Plugins/Runtime/HairStrands/Content/Materials/HairDebugMaterial.uasset" 495
"../../../Engine/Plugins/Runtime/HairStrands/Content/Materials/HairDebugMaterial.uexp" 496
"../../../Engine/Plugins/Runtime/HairStrands/Content/Materials/HairDefaultMaterial.uasset" 497
"../../../Engine/Plugins/Runtime/HairStrands/Content/Materials/HairDefaultMaterial.uexp" 498
"../../../Engine/Plugins/Runtime/HairStrands/Content/Materials/HairMeshesDefaultMaterial.uasset" 499
"../../../Engine/Plugins/Runtime/HairStrands/Content/Materials/HairMeshesDefaultMaterial.uexp" 500
"../../../Engine/Content/Functions/Engine_MaterialFunctions02/Utility/BreakOutFloat4Components.uasset" 501
"../../../Engine/Content/Functions/Engine_MaterialFunctions02/Utility/BreakOutFloat4Components.uexp" 502
"../../../Engine/Plugins/Runtime/Oculus/OculusVR/Content/Materials/OculusMR_ChromaKey.uasset" 503
"../../../Engine/Plugins/Runtime/Oculus/OculusVR/Content/Materials/OculusMR_ChromaKey.uexp" 504
"../../../Engine/Plugins/Runtime/Oculus/OculusVR/Content/Materials/OculusMR_OpaqueColoredMaterial.uasset" 505
"../../../Engine/Plugins/Runtime/Oculus/OculusVR/Content/Materials/OculusMR_OpaqueColoredMaterial.uexp" 506
"../../../Engine/Plugins/Runtime/Oculus/OculusVR/Content/Materials/PokeAHoleMaterial.uasset" 507
"../../../Engine/Plugins/Runtime/Oculus/OculusVR/Content/Materials/PokeAHoleMaterial.uexp" 508
"C:/Users/User/Documents/Unreal Projects/LD49/Content/FirstPerson/Meshes/CubeMaterialOverride.uasset" 509
"C:/Users/User/Documents/Unreal Projects/LD49/Content/FirstPerson/Meshes/CubeMaterialOverride.uexp" 510
"../../../Engine/Content/EngineSky/T_Sky_Stars.uasset" 511
"../../../Engine/Content/EngineSky/T_Sky_Stars.uexp" 512
"../../../Engine/Content/EngineSky/T_Sky_Stars.ubulk" 513
"../../../Engine/Content/EngineSky/T_Sky_Clouds_M.uasset" 514
"../../../Engine/Content/EngineSky/T_Sky_Clouds_M.uexp" 515
"../../../Engine/Content/EngineSky/T_Sky_Clouds_M.ubulk" 516
"../../../Engine/Content/EngineSky/T_Sky_Blue.uasset" 517
"../../../Engine/Content/EngineSky/T_Sky_Blue.uexp" 518
"../../../Engine/Content/EngineSky/T_Sky_Blue.ubulk" 519
"../../../Engine/Content/EngineSky/M_Sky_Panning_Clouds2.uasset" 520
"../../../Engine/Content/EngineSky/M_Sky_Panning_Clouds2.uexp" 521
"../../../Engine/Content/EngineSky/SM_SkySphere.uasset" 522
"../../../Engine/Content/EngineSky/SM_SkySphere.uexp" 523
"../../../Engine/Content/EngineSky/SM_SkySphere.ubulk" 524
"../../../Engine/Content/EngineSky/C_Sky_Cloud_Color.uasset" 525
"../../../Engine/Content/EngineSky/C_Sky_Cloud_Color.uexp" 526
"../../../Engine/Content/EngineSky/C_Sky_Horizon_Color.uasset" 527
"../../../Engine/Content/EngineSky/C_Sky_Horizon_Color.uexp" 528
"../../../Engine/Content/EngineSky/C_Sky_Zenith_Color.uasset" 529
"../../../Engine/Content/EngineSky/C_Sky_Zenith_Color.uexp" 530
"../../../Engine/Content/EngineSky/BP_Sky_Sphere.uasset" 531
"../../../Engine/Content/EngineSky/BP_Sky_Sphere.uexp" 532
"C:/Users/User/Documents/Unreal Projects/LD49/Content/FirstPersonCPP/Maps/FirstPersonExampleMap_BuiltData.uasset" 533
"C:/Users/User/Documents/Unreal Projects/LD49/Content/FirstPersonCPP/Maps/FirstPersonExampleMap_BuiltData.uexp" 534
"C:/Users/User/Documents/Unreal Projects/LD49/Content/FirstPersonCPP/Maps/FirstPersonExampleMap_BuiltData.ubulk" 535
"C:/Users/User/Documents/Unreal Projects/LD49/Content/Geometry/Meshes/1M_Cube.uasset" 536
"C:/Users/User/Documents/Unreal Projects/LD49/Content/Geometry/Meshes/1M_Cube.uexp" 537
"C:/Users/User/Documents/Unreal Projects/LD49/Content/Geometry/Meshes/1M_Cube.ubulk" 538
"C:/Users/User/Documents/Unreal Projects/LD49/Content/Geometry/Meshes/TemplateFloor.uasset" 539
"C:/Users/User/Documents/Unreal Projects/LD49/Content/Geometry/Meshes/TemplateFloor.uexp" 540
"C:/Users/User/Documents/Unreal Projects/LD49/Content/Geometry/Meshes/TemplateFloor.ubulk" 541
"C:/Users/User/Documents/Unreal Projects/LD49/Content/FirstPersonCPP/Maps/FirstPersonExampleMap.uexp" 542
"C:/Users/User/Documents/Unreal Projects/LD49/Content/FirstPersonCPP/Maps/FirstPersonExampleMap.umap" 543
"../../../Engine/Content/Maps/Entry_BuiltData.uasset" 544
"../../../Engine/Content/Maps/Entry_BuiltData.uexp" 545
"../../../Engine/Content/Maps/Entry.uexp" 546
"../../../Engine/Content/Maps/Entry.umap" 547
